[04-23 12:10] -[main/courseware/swf_update.php?cid=] :	Upload File Error: , 没有文件被上传。
[04-23 12:12] -[main/courseware/cw_upload.php] :	Upload File OK: smzy_Switchysharp for Chrome.zip
[04-23 13:48] -[main/courseware/cw_upload.php] :	Upload File OK: 分组.zip
[04-23 13:51] -[main/courseware/cw_upload.php] :	Upload File Error: , 没有文件被上传。
[04-23 13:51] -[main/courseware/cw_upload.php] :	Upload File OK: 分组.zip
[04-24 12:09] -[main/courseware/cw_upload.php] :	Upload File OK: L002003024.zip
[04-25 01:07] -[main/courseware/cw_upload.php] :	Upload File OK: L002003025.zip
[04-25 01:43] -[main/courseware/cw_upload.php] :	Upload File OK: L002003026.zip
[04-25 18:35] -[main/courseware/cw_upload.php] :	Upload File OK: L002003027.zip
[04-25 18:54] -[main/courseware/swf_update.php?cid=201404982594] :	Upload File OK: 1100100.zip
[04-25 18:58] -[main/courseware/cw_upload.php] :	Upload File OK: 1100100.zip
[04-25 19:07] -[main/courseware/cw_upload.php] :	Upload File OK: L002003027.zip
[04-25 19:39] -[main/courseware/cw_upload.php] :	Upload File OK: L002003028.zip
[04-25 22:35] -[main/courseware/cw_upload.php] :	Upload File OK: L002003029.zip
[04-28 18:22] -[main/courseware/cw_upload.php] :	Upload File OK: sss.zip
[04-29 00:17] -[main/courseware/cw_upload.php] :	Upload File OK: sss.zip
[04-29 18:23] -[main/courseware/cw_upload.php] :	Upload File OK: L002003023.zip
[04-29 18:25] -[main/courseware/cw_upload.php] :	Upload File OK: L002003023.zip
[04-29 18:25] -[main/courseware/cw_upload.php] :	Upload File OK: L002003023.zip
[04-30 21:38] -[main/courseware/cw_upload.php] :	Upload File Error: , 没有文件被上传。
[04-30 21:42] -[main/courseware/cw_upload.php] :	Upload File OK: 分组.zip
[05-07 01:26] -[main/courseware/cw_upload.php] :	Upload File OK: L003008007.zip
[05-07 17:56] -[main/courseware/cw_upload.php] :	Upload File OK: L002003025.zip
[05-07 17:59] -[main/courseware/cw_upload.php] :	Upload File OK: L002003025.zip
[05-07 18:17] -[main/courseware/cw_upload.php] :	Upload File OK: sss.zip
[05-07 18:19] -[main/courseware/cw_upload.php] :	Upload File OK: L003008016.zip
[05-07 18:21] -[main/courseware/cw_upload.php] :	Upload File Error: , 没有文件被上传。
[05-07 18:24] -[main/courseware/cw_upload.php] :	Upload File OK: sss 2.zip
[05-07 19:51] -[main/courseware/cw_upload.php] :	Upload File OK: L003008004.zip
[05-07 19:52] -[main/courseware/cw_upload.php] :	Upload File OK: L003008004.zip
[05-07 20:00] -[main/courseware/cw_upload.php] :	Upload File OK: L003008005.zip
[05-07 20:01] -[main/courseware/cw_upload.php] :	Upload File OK: L003008006.zip
[05-07 22:01] -[main/courseware/cw_upload.php] :	Upload File OK: L003008005.zip
[05-07 22:02] -[main/courseware/cw_upload.php] :	Upload File OK: L003008005.zip
[05-07 22:04] -[main/courseware/cw_upload.php] :	Upload File OK: L003008005.zip
[05-07 22:06] -[main/courseware/cw_upload.php] :	Upload File OK: L003008005.zip
[05-07 22:30] -[main/courseware/cw_upload.php] :	Upload File OK: L003008005.zip
[05-07 22:39] -[main/courseware/cw_upload.php] :	Upload File OK: L003008004.zip
[05-07 22:42] -[main/courseware/cw_upload.php] :	Upload File OK: L003008004.zip
[05-07 23:08] -[main/courseware/cw_upload.php] :	Upload File OK: L003008004.zip
[05-08 00:22] -[main/courseware/cw_upload.php] :	Upload File OK: L003008004.zip
[05-08 00:51] -[main/courseware/cw_upload.php] :	Upload File OK: L003008005.zip
[05-08 00:55] -[main/courseware/cw_upload.php] :	Upload File OK: L003008004.zip
[05-08 00:59] -[main/courseware/cw_upload.php] :	Upload File OK: L003008006.zip
[05-08 01:12] -[main/courseware/cw_upload.php] :	Upload File OK: L003008006.zip
[05-08 01:13] -[main/courseware/cw_upload.php] :	Upload File OK: L003008005.zip
[05-08 01:15] -[main/courseware/cw_upload.php] :	Upload File OK: L003008004.zip
[05-08 01:53] -[main/courseware/cw_upload.php] :	Upload File OK: L003008015.zip
[05-08 18:27] -[main/courseware/cw_upload.php] :	Upload File OK: 新建 Microsoft Word 文档.zip
[05-08 22:00] -[main/courseware/cw_upload.php] :	Upload File OK: L002003015.zip
[05-10 00:27] -[main/courseware/cw_upload.php] :	Upload File OK: L00300816 2.files.zip
[05-10 00:30] -[main/courseware/cw_upload.php] :	Upload File OK: L00300816 2.files.zip
[05-10 00:35] -[main/courseware/cw_upload.php] :	Upload File OK: L003008016.files.zip
[05-10 00:37] -[main/courseware/cw_upload.php] :	Upload File OK: L003008016.files.zip
[05-10 00:39] -[main/courseware/cw_upload.php] :	Upload File OK: L003008016.zip
[05-10 00:41] -[main/courseware/cw_upload.php] :	Upload File OK: L003008016.files.zip
[05-13 18:58] -[main/courseware/cw_upload.php] :	Upload File OK: L003008016.files.zip
[05-13 19:06] -[main/courseware/cw_upload.php] :	Upload File OK: L003008016.files.zip
[05-13 19:14] -[main/courseware/cw_upload.php] :	Upload File OK: L003008016.files.zip
[05-14 02:08] -[main/courseware/cw_upload.php] :	Upload File Error: , 没有文件被上传。
[05-14 02:08] -[main/courseware/swf_update.php?cid=201404911692] :	Upload File OK: sss.zip
[05-14 02:20] -[main/courseware/cw_upload.php] :	Upload File OK: L003008016.files.zip
[05-14 18:14] -[main/courseware/cw_upload.php] :	Upload File OK: L005001002.zip
[05-14 19:43] -[main/courseware/cw_upload.php] :	Upload File OK: L005001002.zip
[05-16 01:17] -[main/courseware/cw_upload.php] :	Upload File OK: L002003032.zip
[05-16 01:48] -[main/courseware/cw_upload.php] :	Upload File OK: L002003032.zip
[05-16 19:04] -[main/courseware/cw_upload.php] :	Upload File OK: L002003033.zip
[05-16 19:30] -[main/courseware/cw_upload.php] :	Upload File OK: L003008013.files.zip
[05-16 23:27] -[main/courseware/cw_upload.php] :	Upload File OK: L003008013.zip
[05-16 15:51] -[main/courseware/cw_upload.php] :	Upload File OK: L003008013.zip
[05-17 16:25] -[main/courseware/cw_upload.php] :	Upload File OK: L003008007.zip
[05-17 16:26] -[main/courseware/cw_upload.php] :	Upload File OK: L003008007.zip
[05-17 17:13] -[main/courseware/cw_upload.php] :	Upload File OK: L003008007.zip
[05-20 12:03] -[main/courseware/cw_upload.php] :	Upload File OK: L002003033.zip
[05-20 12:15] -[main/courseware/cw_upload.php] :	Upload File OK: L002003034.zip
[05-20 12:18] -[main/courseware/cw_upload.php] :	Upload File OK: L002003034.zip
[05-23 17:09] -[main/courseware/cw_upload.php] :	Upload File OK: L003008007.zip
[05-23 17:09] -[main/courseware/cw_upload.php] :	Upload File OK: L003008007.zip
[05-23 17:14] -[main/courseware/cw_upload.php] :	Upload File OK: L003008007.zip
[05-23 17:16] -[main/courseware/cw_upload.php] :	Upload File OK: L003008007.zip
[05-23 17:20] -[main/courseware/cw_upload.php] :	Upload File OK: L003008008.zip
[05-23 17:21] -[main/courseware/cw_upload.php] :	Upload File OK: L003008008.zip
[05-23 17:24] -[main/courseware/cw_upload.php] :	Upload File OK: L003008009.zip
[05-23 17:25] -[main/courseware/cw_upload.php] :	Upload File OK: L003008009.zip
[05-23 17:28] -[main/courseware/cw_upload.php] :	Upload File OK: L003008010.zip
[05-23 17:28] -[main/courseware/cw_upload.php] :	Upload File OK: L003008010.zip
[05-23 17:32] -[main/courseware/cw_upload.php] :	Upload File OK: L003008009.zip
[05-23 17:34] -[main/courseware/cw_upload.php] :	Upload File OK: L003008009.zip
[05-24 11:01] -[main/courseware/cw_upload.php] :	Upload File OK: L002003034.zip
[05-24 11:21] -[main/courseware/cw_upload.php] :	Upload File OK: L002003035.zip
[05-24 17:43] -[main/courseware/cw_upload.php] :	Upload File OK: L002003035.zip
[05-24 17:57] -[main/courseware/cw_upload.php] :	Upload File OK: L002003036.zip
[05-24 18:18] -[main/courseware/cw_upload.php] :	Upload File OK: L002003036.zip
[05-26 10:38] -[main/courseware/cw_upload.php] :	Upload File OK: L002003036.zip
[05-26 10:41] -[main/courseware/cw_upload.php] :	Upload File OK: L002003036.zip
[05-26 16:16] -[main/courseware/cw_upload.php] :	Upload File OK: L002003037.zip
[05-26 17:08] -[main/courseware/cw_upload.php] :	Upload File OK: L002003038.zip
[05-26 17:28] -[main/courseware/cw_upload.php] :	Upload File OK: L002003038.zip
[05-27 18:00] -[main/courseware/cw_upload.php] :	Upload File OK: L003008016.zip
[05-29 11:18] -[main/courseware/cw_upload.php] :	Upload File OK: sss 2.zip
[05-30 14:31] -[main/courseware/cw_upload.php] :	Upload File OK: L003008013.zip
[05-30 17:51] -[main/courseware/cw_upload.php] :	Upload File OK: apache-ant-1.6.5-bin.zip
[06-03 15:01] -[main/courseware/cw_upload.php] :	Upload File OK: L002003038.zip
[06-03 15:02] -[main/courseware/cw_upload.php] :	Upload File OK: L002003038.zip
[06-03 15:02] -[main/courseware/cw_upload.php] :	Upload File OK: L002003038.zip
[06-03 15:03] -[main/courseware/cw_upload.php] :	Upload File OK: L002003038.zip
[06-03 15:04] -[main/courseware/cw_upload.php] :	Upload File OK: L002003038.zip
[06-09 14:32] -[main/courseware/cw_upload.php] :	Upload File OK: L003008013.zip
[06-09 15:36] -[main/courseware/cw_upload.php] :	Upload File OK: L002003044.zip
[06-09 16:01] -[main/courseware/cw_upload.php] :	Upload File OK: L002003045.zip
[06-09 17:21] -[main/courseware/cw_upload.php] :	Upload File OK: L003008005.zip
[06-09 18:39] -[main/courseware/cw_upload.php] :	Upload File OK: L003008012.zip
[06-11 10:59] -[main/courseware/cw_upload.php] :	Upload File OK: L002003046.zip
[06-11 11:56] -[main/courseware/cw_upload.php] :	Upload File OK: L002003047.zip
[06-11 14:49] -[main/courseware/cw_upload.php] :	Upload File OK: L002003044.zip
[06-11 14:51] -[main/courseware/cw_upload.php] :	Upload File OK: L002003045.zip
[06-11 14:52] -[main/courseware/cw_upload.php] :	Upload File OK: L002003046.zip
[06-11 14:53] -[main/courseware/cw_upload.php] :	Upload File OK: L002003047.zip
[06-11 14:59] -[main/courseware/cw_upload.php] :	Upload File OK: L002003048.zip
[06-12 11:33] -[main/courseware/cw_upload.php] :	Upload File OK: L002003031.zip
[06-12 14:43] -[main/courseware/cw_upload.php] :	Upload File OK: L002003049.zip
[06-12 15:24] -[main/courseware/cw_upload.php] :	Upload File OK: L002003030.zip
[06-12 15:55] -[main/courseware/cw_upload.php] :	Upload File OK: L002003050.zip
[06-12 16:44] -[main/courseware/cw_upload.php] :	Upload File OK: L002003051.zip
[06-13 09:38] -[main/courseware/cw_upload.php] :	Upload File OK: L003008011.zip
[06-13 09:38] -[main/courseware/cw_upload.php] :	Upload File OK: L003008011.zip
[06-13 11:42] -[main/courseware/cw_upload.php] :	Upload File OK: L002003040.zip
[06-13 11:45] -[main/courseware/cw_upload.php] :	Upload File OK: L002003040.zip
[06-27 11:07] -[main/courseware/cw_upload.php] :	Upload File OK: L003008008.zip
[06-27 11:28] -[main/courseware/cw_upload.php] :	Upload File OK: L003008007.zip
[06-28 14:08] -[main/courseware/cw_upload.php] :	Upload File OK: L003008007.zip
[06-28 14:12] -[main/courseware/cw_upload.php] :	Upload File OK: L003008007.zip
[06-28 14:13] -[main/courseware/cw_upload.php] :	Upload File OK: L003008007.zip
[06-28 14:24] -[main/courseware/cw_upload.php] :	Upload File OK: L003008005.zip
[06-28 14:25] -[main/courseware/cw_upload.php] :	Upload File OK: L002003041.zip
[06-28 14:26] -[main/courseware/cw_upload.php] :	Upload File OK: L003008006.zip
[06-28 14:53] -[main/courseware/cw_upload.php] :	Upload File OK: L002003039.zip
[06-28 15:10] -[main/courseware/cw_upload.php] :	Upload File OK: L003008007.zip
[06-28 15:19] -[main/courseware/cw_upload.php] :	Upload File OK: L003008008.zip
[06-28 15:21] -[main/courseware/cw_upload.php] :	Upload File OK: L003008009.zip
[06-28 15:23] -[main/courseware/cw_upload.php] :	Upload File OK: L003008010.zip
[06-28 15:24] -[main/courseware/cw_upload.php] :	Upload File OK: L003008011.zip
[06-28 15:26] -[main/courseware/cw_upload.php] :	Upload File OK: L003008012.zip
[06-28 15:40] -[main/courseware/cw_upload.php] :	Upload File OK: L002003043.zip
[06-28 16:16] -[main/courseware/cw_upload.php] :	Upload File OK: L002003042.zip
[07-02 14:29] -[main/courseware/cw_upload.php] :	Upload File OK: L003008014.zip
[07-02 17:38] -[main/courseware/cw_upload.php] :	Upload File OK: L003008017.zip
[07-02 18:04] -[main/courseware/cw_upload.php] :	Upload File OK: L003008017.zip
[07-02 18:33] -[main/courseware/cw_upload.php] :	Upload File OK: L003008017.zip
[07-03 10:25] -[main/courseware/cw_upload.php] :	Upload File OK: L003008004.zip
[07-04 09:17] -[main/courseware/cw_upload.php] :	Upload File OK: L003008009.zip
[07-04 10:50] -[main/courseware/cw_upload.php] :	Upload File OK: L003008018-linux下安装OPENVPN.files.zip
[07-04 10:51] -[main/courseware/cw_upload.php] :	Upload File Error: , 没有文件被上传。
[07-04 10:52] -[main/courseware/cw_upload.php] :	Upload File OK: L003008018-linux下安装OPENVPN.files.zip
[07-04 10:56] -[main/courseware/cw_upload.php] :	Upload File OK: L003008018.files.zip
[07-04 10:57] -[main/courseware/cw_upload.php] :	Upload File OK: L003008018.files.zip
[07-04 11:14] -[main/courseware/cw_upload.php] :	Upload File OK: L003008019.files.zip
[07-04 11:40] -[main/courseware/cw_upload.php] :	Upload File OK: L003008020.files.zip
[07-05 09:13] -[main/courseware/cw_upload.php] :	Upload File OK: L003008019.files.zip
[07-05 09:20] -[main/courseware/cw_upload.php] :	Upload File OK: L003008018.files.zip
[07-05 14:10] -[main/courseware/cw_upload.php] :	Upload File OK: L003008018.zip
[07-07 17:03] -[main/courseware/cw_upload.php] :	Upload File OK: L003008011.files.zip
[07-08 13:22] -[main/courseware/cw_upload.php] :	Upload File OK: L003008016.zip
[07-09 15:44] -[main/courseware/cw_upload.php] :	Upload File OK: L003007003.zip
